-------------------------------------------------------------------------------
Test set: TestSuite
-------------------------------------------------------------------------------
Tests run: 1, Failures: 1, Errors: 0, Skipped: 0, Time elapsed: 82.585 s <<< FAILURE! - in TestSuite
testWebsite(college.CollegeWeb)  Time elapsed: 6.02 s  <<< FAILURE!
java.net.SocketTimeoutException: connect timed out
	at college.CollegeWeb.test(CollegeWeb.java:40)
	at college.CollegeWeb.testWebsite(CollegeWeb.java:31)

