<?xml version="1.0" encoding="UTF-8"?>
<testsuite xmlns:xsi="http://www.w3.org/2001/XMLSchema-instance" xsi:noNamespaceSchemaLocation="https://maven.apache.org/surefire/maven-surefire-plugin/xsd/surefire-test-report-3.0.xsd" version="3.0" name="TestSuite" time="82.585" tests="1" errors="0" skipped="0" failures="1">
  <properties>
[...]
</properties>
  <testcase name="testWebsite" classname="college.CollegeWeb" time="6.02">
    <failure message="connect timed out" type="java.net.SocketTimeoutException">java.net.SocketTimeoutException: connect timed out
	at college.CollegeWeb.test(CollegeWeb.java:40)
	at college.CollegeWeb.testWebsite(CollegeWeb.java:31)
</failure>
    <system-out><![CDATA[Number of Anchor TAGS ===> 34
Link Test Pass ==> http://techsumtechnology.com/index.php
Link Test Pass ==> http://techsumtechnology.com/index.php
Link Test Pass ==> http://techsumtechnology.com/about.php
]]></system-out>
  </testcase>
</testsuite>