<?xml version="1.0" encoding="UTF-8"?>
<testng-results skipped="0" failed="0" total="1" passed="1">
  <reporter-output>
  </reporter-output>
  <suite name="Default suite" duration-ms="77600" started-at="2019-02-09T15:11:55Z" finished-at="2019-02-09T15:13:12Z">
    <groups>
    </groups>
    <test name="Default test" duration-ms="77600" started-at="2019-02-09T15:11:55Z" finished-at="2019-02-09T15:13:12Z">
      <class name="college.CollegeWeb">
        <test-method status="PASS" signature="beforeMethod()[pri:0, instance:college.CollegeWeb@5e5792a0]" name="beforeMethod" is-config="true" duration-ms="23190" started-at="2019-02-09T20:41:55Z" finished-at="2019-02-09T20:42:18Z">
          <reporter-output>
          </reporter-output>
        </test-method> <!-- beforeMethod -->
        <test-method status="PASS" signature="testWebsite()[pri:0, instance:college.CollegeWeb@5e5792a0]" name="testWebsite" duration-ms="53623" started-at="2019-02-09T20:42:18Z" finished-at="2019-02-09T20:43:12Z">
          <reporter-output>
          </reporter-output>
        </test-method> <!-- testWebsite -->
        <test-method status="PASS" signature="afterMethod()[pri:0, instance:college.CollegeWeb@5e5792a0]" name="afterMethod" is-config="true" duration-ms="761" started-at="2019-02-09T20:43:12Z" finished-at="2019-02-09T20:43:12Z">
          <reporter-output>
          </reporter-output>
        </test-method> <!-- afterMethod -->
      </class> <!-- college.CollegeWeb -->
    </test> <!-- Default test -->
  </suite> <!-- Default suite -->
</testng-results>
